[0.054s] DEBUG:colcon:Command line arguments: ['/usr/bin/colcon', 'list', '-p', '--base-paths', '/home/daumpark/final_ik_ws/src', '--log-base', '/dev/null']
[0.054s] DEBUG:colcon:Parsed command line arguments: Namespace(log_base=None, log_level=None, verb_name='list', build_base='build', ignore_user_meta=False, metas=['./colcon.meta'], base_paths=['/home/daumpark/final_ik_ws/src', '--log-base', '/dev/null'], packages_ignore=None, packages_ignore_regex=None, paths=None, packages_up_to=None, packages_up_to_regex=None, packages_above=None, packages_above_and_dependencies=None, packages_above_depth=None, packages_select_by_dep=None, packages_skip_by_dep=None, packages_skip_up_to=None, packages_select_build_failed=False, packages_skip_build_finished=False, packages_select_test_failures=False, packages_skip_test_passed=False, packages_select=None, packages_skip=None, packages_select_regex=None, packages_skip_regex=None, packages_start=None, packages_end=None, allow_overriding=[], topological_order=False, names_only=False, paths_only=True, topological_graph=False, topological_graph_dot=False, topological_graph_density=False, topological_graph_legend=False, topological_graph_dot_cluster=False, topological_graph_dot_include_skipped=False, mixin_files=None, mixin=None, verb_parser=<colcon_mixin.mixin.mixin_argument.MixinArgumentDecorator object at 0x7113a0658820>, verb_extension=<colcon_package_information.verb.list.ListVerb object at 0x7113a05d1360>, main=<bound method ListVerb.main of <colcon_package_information.verb.list.ListVerb object at 0x7113a05d1360>>, mixin_verb=('list',))
[0.139s] Level 1:colcon.colcon_core.package_discovery:discover_packages(colcon_meta) check parameters
[0.139s] Level 1:colcon.colcon_core.package_discovery:discover_packages(recursive) check parameters
[0.139s] Level 1:colcon.colcon_core.package_discovery:discover_packages(ignore) check parameters
[0.139s] Level 1:colcon.colcon_core.package_discovery:discover_packages(path) check parameters
[0.139s] Level 1:colcon.colcon_core.package_discovery:discover_packages(recursive) discover
[0.139s] INFO:colcon.colcon_core.package_discovery:Crawling recursively for packages in '/home/daumpark/final_ik_ws/src', '/home/daumpark/final_ik_ws/src/--log-base', '/dev/null'
[0.139s] Level 1:colcon.colcon_core.package_identification:_identify(/home/daumpark/final_ik_ws/src) by extensions ['ignore', 'ignore_ament_install']
[0.139s] Level 1:colcon.colcon_core.package_identification:_identify(/home/daumpark/final_ik_ws/src) by extension 'ignore'
[0.139s] Level 1:colcon.colcon_core.package_identification:_identify(/home/daumpark/final_ik_ws/src) by extension 'ignore_ament_install'
[0.139s] Level 1:colcon.colcon_core.package_identification:_identify(/home/daumpark/final_ik_ws/src) by extensions ['colcon_pkg']
[0.139s] Level 1:colcon.colcon_core.package_identification:_identify(/home/daumpark/final_ik_ws/src) by extension 'colcon_pkg'
[0.139s] Level 1:colcon.colcon_core.package_identification:_identify(/home/daumpark/final_ik_ws/src) by extensions ['colcon_meta']
[0.139s] Level 1:colcon.colcon_core.package_identification:_identify(/home/daumpark/final_ik_ws/src) by extension 'colcon_meta'
[0.140s] Level 1:colcon.colcon_core.package_identification:_identify(/home/daumpark/final_ik_ws/src) by extensions ['ros']
[0.140s] Level 1:colcon.colcon_core.package_identification:_identify(/home/daumpark/final_ik_ws/src) by extension 'ros'
[0.146s] Level 1:colcon.colcon_core.package_identification:_identify(/home/daumpark/final_ik_ws/src) by extensions ['cmake', 'python']
[0.146s] Level 1:colcon.colcon_core.package_identification:_identify(/home/daumpark/final_ik_ws/src) by extension 'cmake'
[0.146s] Level 1:colcon.colcon_core.package_identification:_identify(/home/daumpark/final_ik_ws/src) by extension 'python'
[0.146s] Level 1:colcon.colcon_core.package_identification:_identify(/home/daumpark/final_ik_ws/src) by extensions ['python_setup_py']
[0.146s] Level 1:colcon.colcon_core.package_identification:_identify(/home/daumpark/final_ik_ws/src) by extension 'python_setup_py'
[0.147s] Level 1:colcon.colcon_core.package_identification:_identify(/home/daumpark/final_ik_ws/src/analytical_ik_demo) by extensions ['ignore', 'ignore_ament_install']
[0.147s] Level 1:colcon.colcon_core.package_identification:_identify(/home/daumpark/final_ik_ws/src/analytical_ik_demo) by extension 'ignore'
[0.147s] Level 1:colcon.colcon_core.package_identification:_identify(/home/daumpark/final_ik_ws/src/analytical_ik_demo) by extension 'ignore_ament_install'
[0.147s] Level 1:colcon.colcon_core.package_identification:_identify(/home/daumpark/final_ik_ws/src/analytical_ik_demo) by extensions ['colcon_pkg']
[0.147s] Level 1:colcon.colcon_core.package_identification:_identify(/home/daumpark/final_ik_ws/src/analytical_ik_demo) by extension 'colcon_pkg'
[0.147s] Level 1:colcon.colcon_core.package_identification:_identify(/home/daumpark/final_ik_ws/src/analytical_ik_demo) by extensions ['colcon_meta']
[0.147s] Level 1:colcon.colcon_core.package_identification:_identify(/home/daumpark/final_ik_ws/src/analytical_ik_demo) by extension 'colcon_meta'
[0.147s] Level 1:colcon.colcon_core.package_identification:_identify(/home/daumpark/final_ik_ws/src/analytical_ik_demo) by extensions ['ros']
[0.147s] Level 1:colcon.colcon_core.package_identification:_identify(/home/daumpark/final_ik_ws/src/analytical_ik_demo) by extension 'ros'
[0.148s] DEBUG:colcon.colcon_core.package_identification:Package '/home/daumpark/final_ik_ws/src/analytical_ik_demo' with type 'ros.ament_python' and name 'analytical_ik_demo'
[0.148s] Level 1:colcon.colcon_core.package_identification:_identify(/home/daumpark/final_ik_ws/src/log) by extensions ['ignore', 'ignore_ament_install']
[0.148s] Level 1:colcon.colcon_core.package_identification:_identify(/home/daumpark/final_ik_ws/src/log) by extension 'ignore'
[0.148s] Level 1:colcon.colcon_core.package_identification:_identify(/home/daumpark/final_ik_ws/src/log) ignored
[0.149s] Level 1:colcon.colcon_core.package_identification:_identify(/home/daumpark/final_ik_ws/src/mik_tutorial) by extensions ['ignore', 'ignore_ament_install']
[0.149s] Level 1:colcon.colcon_core.package_identification:_identify(/home/daumpark/final_ik_ws/src/mik_tutorial) by extension 'ignore'
[0.149s] Level 1:colcon.colcon_core.package_identification:_identify(/home/daumpark/final_ik_ws/src/mik_tutorial) by extension 'ignore_ament_install'
[0.149s] Level 1:colcon.colcon_core.package_identification:_identify(/home/daumpark/final_ik_ws/src/mik_tutorial) by extensions ['colcon_pkg']
[0.149s] Level 1:colcon.colcon_core.package_identification:_identify(/home/daumpark/final_ik_ws/src/mik_tutorial) by extension 'colcon_pkg'
[0.149s] Level 1:colcon.colcon_core.package_identification:_identify(/home/daumpark/final_ik_ws/src/mik_tutorial) by extensions ['colcon_meta']
[0.149s] Level 1:colcon.colcon_core.package_identification:_identify(/home/daumpark/final_ik_ws/src/mik_tutorial) by extension 'colcon_meta'
[0.149s] Level 1:colcon.colcon_core.package_identification:_identify(/home/daumpark/final_ik_ws/src/mik_tutorial) by extensions ['ros']
[0.149s] Level 1:colcon.colcon_core.package_identification:_identify(/home/daumpark/final_ik_ws/src/mik_tutorial) by extension 'ros'
[0.149s] DEBUG:colcon.colcon_core.package_identification:Package '/home/daumpark/final_ik_ws/src/mik_tutorial' with type 'ros.ament_python' and name 'mik_tutorial'
[0.149s] Level 1:colcon.colcon_core.package_identification:_identify(/home/daumpark/final_ik_ws/src/piper_description) by extensions ['ignore', 'ignore_ament_install']
[0.149s] Level 1:colcon.colcon_core.package_identification:_identify(/home/daumpark/final_ik_ws/src/piper_description) by extension 'ignore'
[0.149s] Level 1:colcon.colcon_core.package_identification:_identify(/home/daumpark/final_ik_ws/src/piper_description) by extension 'ignore_ament_install'
[0.149s] Level 1:colcon.colcon_core.package_identification:_identify(/home/daumpark/final_ik_ws/src/piper_description) by extensions ['colcon_pkg']
[0.149s] Level 1:colcon.colcon_core.package_identification:_identify(/home/daumpark/final_ik_ws/src/piper_description) by extension 'colcon_pkg'
[0.149s] Level 1:colcon.colcon_core.package_identification:_identify(/home/daumpark/final_ik_ws/src/piper_description) by extensions ['colcon_meta']
[0.149s] Level 1:colcon.colcon_core.package_identification:_identify(/home/daumpark/final_ik_ws/src/piper_description) by extension 'colcon_meta'
[0.149s] Level 1:colcon.colcon_core.package_identification:_identify(/home/daumpark/final_ik_ws/src/piper_description) by extensions ['ros']
[0.149s] Level 1:colcon.colcon_core.package_identification:_identify(/home/daumpark/final_ik_ws/src/piper_description) by extension 'ros'
[0.149s] DEBUG:colcon.colcon_core.package_identification:Package '/home/daumpark/final_ik_ws/src/piper_description' with type 'ros.ament_cmake' and name 'piper_description'
[0.149s] Level 1:colcon.colcon_core.package_discovery:discover_packages(recursive) using defaults
