[0.287s] DEBUG:colcon:Command line arguments: ['/usr/bin/colcon', 'list', '-p', '--base-paths', '/home/daumpark/mik_ws/src', '--log-base', '/dev/null']
[0.287s] DEBUG:colcon:Parsed command line arguments: Namespace(log_base=None, log_level=None, verb_name='list', build_base='build', ignore_user_meta=False, metas=['./colcon.meta'], base_paths=['/home/daumpark/mik_ws/src', '--log-base', '/dev/null'], packages_ignore=None, packages_ignore_regex=None, paths=None, packages_up_to=None, packages_up_to_regex=None, packages_above=None, packages_above_and_dependencies=None, packages_above_depth=None, packages_select_by_dep=None, packages_skip_by_dep=None, packages_skip_up_to=None, packages_select_build_failed=False, packages_skip_build_finished=False, packages_select_test_failures=False, packages_skip_test_passed=False, packages_select=None, packages_skip=None, packages_select_regex=None, packages_skip_regex=None, packages_start=None, packages_end=None, allow_overriding=[], topological_order=False, names_only=False, paths_only=True, topological_graph=False, topological_graph_dot=False, topological_graph_density=False, topological_graph_legend=False, topological_graph_dot_cluster=False, topological_graph_dot_include_skipped=False, verb_parser=<colcon_defaults.argument_parser.defaults.DefaultArgumentsDecorator object at 0x741ca2460610>, verb_extension=<colcon_package_information.verb.list.ListVerb object at 0x741ca24238b0>, main=<bound method ListVerb.main of <colcon_package_information.verb.list.ListVerb object at 0x741ca24238b0>>)
[0.787s] Level 1:colcon.colcon_core.package_discovery:discover_packages(colcon_meta) check parameters
[0.787s] Level 1:colcon.colcon_core.package_discovery:discover_packages(recursive) check parameters
[0.787s] Level 1:colcon.colcon_core.package_discovery:discover_packages(ignore) check parameters
[0.787s] Level 1:colcon.colcon_core.package_discovery:discover_packages(path) check parameters
[0.787s] Level 1:colcon.colcon_core.package_discovery:discover_packages(recursive) discover
[0.788s] INFO:colcon.colcon_core.package_discovery:Crawling recursively for packages in '/home/daumpark/mik_ws/src', '/home/daumpark/mik_ws/src/--log-base', '/dev/null'
[0.788s] Level 1:colcon.colcon_core.package_identification:_identify(/home/daumpark/mik_ws/src) by extensions ['ignore', 'ignore_ament_install']
[0.788s] Level 1:colcon.colcon_core.package_identification:_identify(/home/daumpark/mik_ws/src) by extension 'ignore'
[0.788s] Level 1:colcon.colcon_core.package_identification:_identify(/home/daumpark/mik_ws/src) by extension 'ignore_ament_install'
[0.789s] Level 1:colcon.colcon_core.package_identification:_identify(/home/daumpark/mik_ws/src) by extensions ['colcon_pkg']
[0.789s] Level 1:colcon.colcon_core.package_identification:_identify(/home/daumpark/mik_ws/src) by extension 'colcon_pkg'
[0.789s] Level 1:colcon.colcon_core.package_identification:_identify(/home/daumpark/mik_ws/src) by extensions ['colcon_meta']
[0.789s] Level 1:colcon.colcon_core.package_identification:_identify(/home/daumpark/mik_ws/src) by extension 'colcon_meta'
[0.789s] Level 1:colcon.colcon_core.package_identification:_identify(/home/daumpark/mik_ws/src) by extensions ['ros']
[0.789s] Level 1:colcon.colcon_core.package_identification:_identify(/home/daumpark/mik_ws/src) by extension 'ros'
[0.822s] Level 1:colcon.colcon_core.package_identification:_identify(/home/daumpark/mik_ws/src) by extensions ['cmake', 'python']
[0.822s] Level 1:colcon.colcon_core.package_identification:_identify(/home/daumpark/mik_ws/src) by extension 'cmake'
[0.822s] Level 1:colcon.colcon_core.package_identification:_identify(/home/daumpark/mik_ws/src) by extension 'python'
[0.823s] Level 1:colcon.colcon_core.package_identification:_identify(/home/daumpark/mik_ws/src) by extensions ['python_setup_py']
[0.823s] Level 1:colcon.colcon_core.package_identification:_identify(/home/daumpark/mik_ws/src) by extension 'python_setup_py'
[0.823s] Level 1:colcon.colcon_core.package_identification:_identify(/home/daumpark/mik_ws/src/analytical_ik) by extensions ['ignore', 'ignore_ament_install']
[0.823s] Level 1:colcon.colcon_core.package_identification:_identify(/home/daumpark/mik_ws/src/analytical_ik) by extension 'ignore'
[0.823s] Level 1:colcon.colcon_core.package_identification:_identify(/home/daumpark/mik_ws/src/analytical_ik) by extension 'ignore_ament_install'
[0.823s] Level 1:colcon.colcon_core.package_identification:_identify(/home/daumpark/mik_ws/src/analytical_ik) by extensions ['colcon_pkg']
[0.823s] Level 1:colcon.colcon_core.package_identification:_identify(/home/daumpark/mik_ws/src/analytical_ik) by extension 'colcon_pkg'
[0.823s] Level 1:colcon.colcon_core.package_identification:_identify(/home/daumpark/mik_ws/src/analytical_ik) by extensions ['colcon_meta']
[0.824s] Level 1:colcon.colcon_core.package_identification:_identify(/home/daumpark/mik_ws/src/analytical_ik) by extension 'colcon_meta'
[0.824s] Level 1:colcon.colcon_core.package_identification:_identify(/home/daumpark/mik_ws/src/analytical_ik) by extensions ['ros']
[0.824s] Level 1:colcon.colcon_core.package_identification:_identify(/home/daumpark/mik_ws/src/analytical_ik) by extension 'ros'
[0.830s] DEBUG:colcon.colcon_core.package_identification:Package '/home/daumpark/mik_ws/src/analytical_ik' with type 'ros.ament_python' and name 'analytical_ik'
[0.830s] Level 1:colcon.colcon_core.package_identification:_identify(/home/daumpark/mik_ws/src/heuristic_ik) by extensions ['ignore', 'ignore_ament_install']
[0.830s] Level 1:colcon.colcon_core.package_identification:_identify(/home/daumpark/mik_ws/src/heuristic_ik) by extension 'ignore'
[0.830s] Level 1:colcon.colcon_core.package_identification:_identify(/home/daumpark/mik_ws/src/heuristic_ik) by extension 'ignore_ament_install'
[0.831s] Level 1:colcon.colcon_core.package_identification:_identify(/home/daumpark/mik_ws/src/heuristic_ik) by extensions ['colcon_pkg']
[0.831s] Level 1:colcon.colcon_core.package_identification:_identify(/home/daumpark/mik_ws/src/heuristic_ik) by extension 'colcon_pkg'
[0.831s] Level 1:colcon.colcon_core.package_identification:_identify(/home/daumpark/mik_ws/src/heuristic_ik) by extensions ['colcon_meta']
[0.831s] Level 1:colcon.colcon_core.package_identification:_identify(/home/daumpark/mik_ws/src/heuristic_ik) by extension 'colcon_meta'
[0.831s] Level 1:colcon.colcon_core.package_identification:_identify(/home/daumpark/mik_ws/src/heuristic_ik) by extensions ['ros']
[0.831s] Level 1:colcon.colcon_core.package_identification:_identify(/home/daumpark/mik_ws/src/heuristic_ik) by extension 'ros'
[0.833s] DEBUG:colcon.colcon_core.package_identification:Package '/home/daumpark/mik_ws/src/heuristic_ik' with type 'ros.ament_python' and name 'heuristic_ik'
[0.833s] Level 1:colcon.colcon_core.package_identification:_identify(/home/daumpark/mik_ws/src/ik_common) by extensions ['ignore', 'ignore_ament_install']
[0.834s] Level 1:colcon.colcon_core.package_identification:_identify(/home/daumpark/mik_ws/src/ik_common) by extension 'ignore'
[0.834s] Level 1:colcon.colcon_core.package_identification:_identify(/home/daumpark/mik_ws/src/ik_common) by extension 'ignore_ament_install'
[0.834s] Level 1:colcon.colcon_core.package_identification:_identify(/home/daumpark/mik_ws/src/ik_common) by extensions ['colcon_pkg']
[0.834s] Level 1:colcon.colcon_core.package_identification:_identify(/home/daumpark/mik_ws/src/ik_common) by extension 'colcon_pkg'
[0.834s] Level 1:colcon.colcon_core.package_identification:_identify(/home/daumpark/mik_ws/src/ik_common) by extensions ['colcon_meta']
[0.834s] Level 1:colcon.colcon_core.package_identification:_identify(/home/daumpark/mik_ws/src/ik_common) by extension 'colcon_meta'
[0.834s] Level 1:colcon.colcon_core.package_identification:_identify(/home/daumpark/mik_ws/src/ik_common) by extensions ['ros']
[0.834s] Level 1:colcon.colcon_core.package_identification:_identify(/home/daumpark/mik_ws/src/ik_common) by extension 'ros'
[0.836s] DEBUG:colcon.colcon_core.package_identification:Package '/home/daumpark/mik_ws/src/ik_common' with type 'ros.ament_python' and name 'ik_common'
[0.837s] Level 1:colcon.colcon_core.package_identification:_identify(/home/daumpark/mik_ws/src/log) by extensions ['ignore', 'ignore_ament_install']
[0.837s] Level 1:colcon.colcon_core.package_identification:_identify(/home/daumpark/mik_ws/src/log) by extension 'ignore'
[0.837s] Level 1:colcon.colcon_core.package_identification:_identify(/home/daumpark/mik_ws/src/log) ignored
[0.837s] Level 1:colcon.colcon_core.package_identification:_identify(/home/daumpark/mik_ws/src/numerical_ik) by extensions ['ignore', 'ignore_ament_install']
[0.838s] Level 1:colcon.colcon_core.package_identification:_identify(/home/daumpark/mik_ws/src/numerical_ik) by extension 'ignore'
[0.838s] Level 1:colcon.colcon_core.package_identification:_identify(/home/daumpark/mik_ws/src/numerical_ik) by extension 'ignore_ament_install'
[0.838s] Level 1:colcon.colcon_core.package_identification:_identify(/home/daumpark/mik_ws/src/numerical_ik) by extensions ['colcon_pkg']
[0.838s] Level 1:colcon.colcon_core.package_identification:_identify(/home/daumpark/mik_ws/src/numerical_ik) by extension 'colcon_pkg'
[0.838s] Level 1:colcon.colcon_core.package_identification:_identify(/home/daumpark/mik_ws/src/numerical_ik) by extensions ['colcon_meta']
[0.838s] Level 1:colcon.colcon_core.package_identification:_identify(/home/daumpark/mik_ws/src/numerical_ik) by extension 'colcon_meta'
[0.838s] Level 1:colcon.colcon_core.package_identification:_identify(/home/daumpark/mik_ws/src/numerical_ik) by extensions ['ros']
[0.838s] Level 1:colcon.colcon_core.package_identification:_identify(/home/daumpark/mik_ws/src/numerical_ik) by extension 'ros'
[0.840s] DEBUG:colcon.colcon_core.package_identification:Package '/home/daumpark/mik_ws/src/numerical_ik' with type 'ros.ament_python' and name 'numerical_ik'
[0.841s] Level 1:colcon.colcon_core.package_identification:_identify(/home/daumpark/mik_ws/src/piper_description) by extensions ['ignore', 'ignore_ament_install']
[0.841s] Level 1:colcon.colcon_core.package_identification:_identify(/home/daumpark/mik_ws/src/piper_description) by extension 'ignore'
[0.841s] Level 1:colcon.colcon_core.package_identification:_identify(/home/daumpark/mik_ws/src/piper_description) by extension 'ignore_ament_install'
[0.841s] Level 1:colcon.colcon_core.package_identification:_identify(/home/daumpark/mik_ws/src/piper_description) by extensions ['colcon_pkg']
[0.841s] Level 1:colcon.colcon_core.package_identification:_identify(/home/daumpark/mik_ws/src/piper_description) by extension 'colcon_pkg'
[0.841s] Level 1:colcon.colcon_core.package_identification:_identify(/home/daumpark/mik_ws/src/piper_description) by extensions ['colcon_meta']
[0.841s] Level 1:colcon.colcon_core.package_identification:_identify(/home/daumpark/mik_ws/src/piper_description) by extension 'colcon_meta'
[0.841s] Level 1:colcon.colcon_core.package_identification:_identify(/home/daumpark/mik_ws/src/piper_description) by extensions ['ros']
[0.842s] Level 1:colcon.colcon_core.package_identification:_identify(/home/daumpark/mik_ws/src/piper_description) by extension 'ros'
[0.843s] DEBUG:colcon.colcon_core.package_identification:Package '/home/daumpark/mik_ws/src/piper_description' with type 'ros.ament_cmake' and name 'piper_description'
[0.843s] Level 1:colcon.colcon_core.package_identification:_identify(/home/daumpark/mik_ws/src/redundant_ik) by extensions ['ignore', 'ignore_ament_install']
[0.843s] Level 1:colcon.colcon_core.package_identification:_identify(/home/daumpark/mik_ws/src/redundant_ik) by extension 'ignore'
[0.843s] Level 1:colcon.colcon_core.package_identification:_identify(/home/daumpark/mik_ws/src/redundant_ik) by extension 'ignore_ament_install'
[0.843s] Level 1:colcon.colcon_core.package_identification:_identify(/home/daumpark/mik_ws/src/redundant_ik) by extensions ['colcon_pkg']
[0.843s] Level 1:colcon.colcon_core.package_identification:_identify(/home/daumpark/mik_ws/src/redundant_ik) by extension 'colcon_pkg'
[0.844s] Level 1:colcon.colcon_core.package_identification:_identify(/home/daumpark/mik_ws/src/redundant_ik) by extensions ['colcon_meta']
[0.844s] Level 1:colcon.colcon_core.package_identification:_identify(/home/daumpark/mik_ws/src/redundant_ik) by extension 'colcon_meta'
[0.844s] Level 1:colcon.colcon_core.package_identification:_identify(/home/daumpark/mik_ws/src/redundant_ik) by extensions ['ros']
[0.844s] Level 1:colcon.colcon_core.package_identification:_identify(/home/daumpark/mik_ws/src/redundant_ik) by extension 'ros'
[0.847s] DEBUG:colcon.colcon_core.package_identification:Package '/home/daumpark/mik_ws/src/redundant_ik' with type 'ros.ament_python' and name 'redundant_ik'
[0.847s] Level 1:colcon.colcon_core.package_discovery:discover_packages(recursive) using defaults
